<?xml version="1.0" encoding="utf-8"?><testsuites><testsuite name="pytest" errors="0" failures="0" skipped="0" tests="0" time="0.172" timestamp="2022-06-02T17:35:46.368628" hostname="er-HP-ProBook-450-G6" /></testsuites>